<?xml version="1.0" encoding="UTF-8"?>
<!-- Generated by org.testng.reporters.JUnitReportReporter -->
<testsuite skipped="0" hostname="PRANOB-PC" name="dockerSuite.DockerSetup" tests="2" failures="0" timestamp="15 Sep 2019 12:08:23 GMT" time="20.040" errors="0">
  <testcase name="startDockerGrid" time="15.025" classname="dockerSuite.DockerSetup"/>
  <testcase name="stopDockerGrid" time="5.015" classname="dockerSuite.DockerSetup"/>
</testsuite> <!-- dockerSuite.DockerSetup -->
